TN:
SF:src/components/MainView.js
FN:6,(anonymous_0)
FN:16,(anonymous_1)
FN:22,(anonymous_2)
FN:26,(anonymous_3)
FN:30,(anonymous_4)
FN:35,(anonymous_5)
FN:57,(anonymous_6)
FN:81,(anonymous_7)
FN:89,(anonymous_8)
FN:100,(anonymous_9)
FN:104,(anonymous_10)
FN:113,(anonymous_11)
FN:123,(anonymous_12)
FNF:13
FNH:7
FNDA:4,(anonymous_0)
FNDA:4,(anonymous_1)
FNDA:0,(anonymous_2)
FNDA:0,(anonymous_3)
FNDA:0,(anonymous_4)
FNDA:4,(anonymous_5)
FNDA:4,(anonymous_6)
FNDA:0,(anonymous_7)
FNDA:4,(anonymous_8)
FNDA:0,(anonymous_9)
FNDA:0,(anonymous_10)
FNDA:4,(anonymous_11)
FNDA:4,(anonymous_12)
DA:7,4
DA:8,4
DA:9,4
DA:17,4
DA:18,4
DA:19,4
DA:22,4
DA:23,0
DA:26,4
DA:27,0
DA:30,4
DA:31,0
DA:36,4
DA:58,4
DA:82,0
DA:90,4
DA:91,4
DA:101,0
DA:102,0
DA:105,0
DA:114,4
DA:124,4
LF:22
LH:15
BRDA:17,0,0,4
BRDA:17,0,1,0
BRDA:18,1,0,4
BRDA:18,1,1,0
BRDA:19,2,0,4
BRDA:19,2,1,0
BRDA:93,3,0,4
BRDA:93,3,1,1
BRDA:93,3,2,1
BRDA:104,4,0,0
BRDA:104,4,1,0
BRF:11
BRH:6
end_of_record
TN:
SF:src/mvi/view.js
FN:5,(anonymous_0)
FN:11,(anonymous_1)
FN:21,(anonymous_2)
FN:30,(anonymous_3)
FN:39,(anonymous_4)
FN:49,(anonymous_5)
FNF:6
FNH:1
FNDA:4,(anonymous_0)
FNDA:0,(anonymous_1)
FNDA:0,(anonymous_2)
FNDA:0,(anonymous_3)
FNDA:0,(anonymous_4)
FNDA:0,(anonymous_5)
DA:6,4
DA:7,4
DA:12,0
DA:22,0
DA:31,0
DA:40,0
DA:49,1
DA:50,0
DA:51,0
LF:9
LH:3
BRDA:7,0,0,4
BRDA:7,0,1,0
BRF:2
BRH:1
end_of_record
